<?xml version="1.0" encoding="UTF-8"?>
<testsuite xmlns:xsi="http://www.w3.org/2001/XMLSchema-instance" xsi:noNamespaceSchemaLocation="https://maven.apache.org/surefire/maven-surefire-plugin/xsd/surefire-test-report-3.0.xsd" version="3.0" name="dev.aman.movieist.MoviesApplicationTests" time="5.716" tests="1" errors="0" skipped="0" failures="0">
  <properties>
[...]
</properties>
  <testcase name="contextLoads" classname="dev.aman.movieist.MoviesApplicationTests" time="1.195">
    <system-out><![CDATA[19:53:51.576 [main] INFO org.springframework.boot.devtools.restart.RestartApplicationListener -- Restart disabled due to context in which it is running

  .   ____          _            __ _ _
 /\\ / ___'_ __ _ _(_)_ __  __ _ \ \ \ \
( ( )\___ | '_ | '_| | '_ \/ _` | \ \ \ \
 \\/  ___)| |_)| | | | | || (_| |  ) ) ) )
  '  |____| .__|_| |_|_| |_\__, | / / / /
 =========|_|==============|___/=/_/_/_/

 :: Spring Boot ::                (v3.3.1)

2024-08-10T19:53:52.010+05:30  INFO 12760 --- [movies] [           main] m.p.springdotenv.DotenvPropertySource    : Initializing Dotenv with DotenvConfig{directory=null, filename=null, ignoreIfMalformed=false, ignoreIfMissing=true, systemProperties=false, prefix=null}
2024-08-10T19:53:52.025+05:30  INFO 12760 --- [movies] [           main] d.aman.movieist.MoviesApplicationTests   : Starting MoviesApplicationTests using Java 21.0.3 with PID 12760 (started by saman in C:\Users\saman\Downloads\movies)
2024-08-10T19:53:52.025+05:30  INFO 12760 --- [movies] [           main] d.aman.movieist.MoviesApplicationTests   : No active profile set, falling back to 1 default profile: "default"
2024-08-10T19:53:52.978+05:30  INFO 12760 --- [movies] [           main] .s.d.r.c.RepositoryConfigurationDelegate : Bootstrapping Spring Data MongoDB repositories in DEFAULT mode.
2024-08-10T19:53:53.072+05:30  INFO 12760 --- [movies] [           main] .s.d.r.c.RepositoryConfigurationDelegate : Finished Spring Data repository scanning in 89 ms. Found 2 MongoDB repository interfaces.
2024-08-10T19:53:53.764+05:30  INFO 12760 --- [movies] [           main] org.mongodb.driver.client                : MongoClient with metadata {"driver": {"name": "mongo-java-driver|sync|spring-boot", "version": "5.0.1"}, "os": {"type": "Windows", "name": "Windows 11", "architecture": "amd64", "version": "10.0"}, "platform": "Java/Eclipse Adoptium/21.0.3+9-LTS"} created with settings MongoClientSettings{readPreference=primary, writeConcern=WriteConcern{w=null, wTimeout=null ms, journal=null}, retryWrites=true, retryReads=true, readConcern=ReadConcern{level=null}, credential=MongoCredential{mechanism=null, userName='samant7500', source='admin', password=<hidden>, mechanismProperties=<hidden>}, transportSettings=null, commandListeners=[], codecRegistry=ProvidersCodecRegistry{codecProviders=[ValueCodecProvider{}, BsonValueCodecProvider{}, DBRefCodecProvider{}, DBObjectCodecProvider{}, DocumentCodecProvider{}, CollectionCodecProvider{}, IterableCodecProvider{}, MapCodecProvider{}, GeoJsonCodecProvider{}, GridFSFileCodecProvider{}, Jsr310CodecProvider{}, JsonObjectCodecProvider{}, BsonCodecProvider{}, EnumCodecProvider{}, com.mongodb.client.model.mql.ExpressionCodecProvider@4337afd, com.mongodb.Jep395RecordCodecProvider@1d02af26, com.mongodb.KotlinCodecProvider@3fa7df1]}, loggerSettings=LoggerSettings{maxDocumentLength=1000}, clusterSettings={hosts=[127.0.0.1:27017], srvHost=cluster0.o2zf1us.mongodb.net, srvServiceName=mongodb, mode=MULTIPLE, requiredClusterType=REPLICA_SET, requiredReplicaSetName='atlas-doqlfg-shard-0', serverSelector='null', clusterListeners='[]', serverSelectionTimeout='30000 ms', localThreshold='15 ms'}, socketSettings=SocketSettings{connectTimeoutMS=10000, readTimeoutMS=0, receiveBufferSize=0, proxySettings=ProxySettings{host=null, port=null, username=null, password=null}}, heartbeatSocketSettings=SocketSettings{connectTimeoutMS=10000, readTimeoutMS=10000, receiveBufferSize=0, proxySettings=ProxySettings{host=null, port=null, username=null, password=null}}, connectionPoolSettings=ConnectionPoolSettings{maxSize=100, minSize=0, maxWaitTimeMS=120000, maxConnectionLifeTimeMS=0, maxConnectionIdleTimeMS=0, maintenanceInitialDelayMS=0, maintenanceFrequencyMS=60000, connectionPoolListeners=[], maxConnecting=2}, serverSettings=ServerSettings{heartbeatFrequencyMS=10000, minHeartbeatFrequencyMS=500, serverListeners='[]', serverMonitorListeners='[]'}, sslSettings=SslSettings{enabled=true, invalidHostNameAllowed=false, context=null}, applicationName='null', compressorList=[], uuidRepresentation=JAVA_LEGACY, serverApi=null, autoEncryptionSettings=null, dnsClient=null, inetAddressResolver=null, contextProvider=null}
2024-08-10T19:53:53.796+05:30  INFO 12760 --- [movies] [1us.mongodb.net] org.mongodb.driver.cluster               : Adding discovered server ac-bqzl7tr-shard-00-01.o2zf1us.mongodb.net:27017 to client view of cluster
2024-08-10T19:53:53.854+05:30  INFO 12760 --- [movies] [1us.mongodb.net] org.mongodb.driver.cluster               : Adding discovered server ac-bqzl7tr-shard-00-00.o2zf1us.mongodb.net:27017 to client view of cluster
2024-08-10T19:53:53.854+05:30  INFO 12760 --- [movies] [1us.mongodb.net] org.mongodb.driver.cluster               : Adding discovered server ac-bqzl7tr-shard-00-02.o2zf1us.mongodb.net:27017 to client view of cluster
2024-08-10T19:53:54.660+05:30  INFO 12760 --- [movies] [ngodb.net:27017] org.mongodb.driver.cluster               : Monitor thread successfully connected to server with description ServerDescription{address=ac-bqzl7tr-shard-00-02.o2zf1us.mongodb.net:27017, type=REPLICA_SET_PRIMARY, state=CONNECTED, ok=true, minWireVersion=0, maxWireVersion=21, maxDocumentSize=16777216, logicalSessionTimeoutMinutes=30, roundTripTimeNanos=429531800, setName='atlas-doqlfg-shard-0', canonicalAddress=ac-bqzl7tr-shard-00-02.o2zf1us.mongodb.net:27017, hosts=[ac-bqzl7tr-shard-00-01.o2zf1us.mongodb.net:27017, ac-bqzl7tr-shard-00-00.o2zf1us.mongodb.net:27017, ac-bqzl7tr-shard-00-02.o2zf1us.mongodb.net:27017], passives=[], arbiters=[], primary='ac-bqzl7tr-shard-00-02.o2zf1us.mongodb.net:27017', tagSet=TagSet{[Tag{name='availabilityZone', value='aps1-az2'}, Tag{name='diskState', value='READY'}, Tag{name='nodeType', value='ELECTABLE'}, Tag{name='provider', value='AWS'}, Tag{name='region', value='AP_SOUTH_1'}, Tag{name='workloadType', value='OPERATIONAL'}]}, electionId=7fffffff0000000000000085, setVersion=91, topologyVersion=TopologyVersion{processId=66b3a5df7befaf36d7ea117d, counter=6}, lastWriteDate=Sat Aug 10 19:53:55 IST 2024, lastUpdateTimeNanos=66142656002200}
2024-08-10T19:53:54.660+05:30  INFO 12760 --- [movies] [ngodb.net:27017] org.mongodb.driver.cluster               : Monitor thread successfully connected to server with description ServerDescription{address=ac-bqzl7tr-shard-00-01.o2zf1us.mongodb.net:27017, type=REPLICA_SET_SECONDARY, state=CONNECTED, ok=true, minWireVersion=0, maxWireVersion=21, maxDocumentSize=16777216, logicalSessionTimeoutMinutes=30, roundTripTimeNanos=429404300, setName='atlas-doqlfg-shard-0', canonicalAddress=ac-bqzl7tr-shard-00-01.o2zf1us.mongodb.net:27017, hosts=[ac-bqzl7tr-shard-00-01.o2zf1us.mongodb.net:27017, ac-bqzl7tr-shard-00-00.o2zf1us.mongodb.net:27017, ac-bqzl7tr-shard-00-02.o2zf1us.mongodb.net:27017], passives=[], arbiters=[], primary='ac-bqzl7tr-shard-00-02.o2zf1us.mongodb.net:27017', tagSet=TagSet{[Tag{name='availabilityZone', value='aps1-az3'}, Tag{name='diskState', value='READY'}, Tag{name='nodeType', value='ELECTABLE'}, Tag{name='provider', value='AWS'}, Tag{name='region', value='AP_SOUTH_1'}, Tag{name='workloadType', value='OPERATIONAL'}]}, electionId=null, setVersion=91, topologyVersion=TopologyVersion{processId=66b3a80e9f54e058ced7795d, counter=3}, lastWriteDate=Sat Aug 10 19:53:55 IST 2024, lastUpdateTimeNanos=66142656031000}
2024-08-10T19:53:54.660+05:30  INFO 12760 --- [movies] [ngodb.net:27017] org.mongodb.driver.cluster               : Monitor thread successfully connected to server with description ServerDescription{address=ac-bqzl7tr-shard-00-00.o2zf1us.mongodb.net:27017, type=REPLICA_SET_SECONDARY, state=CONNECTED, ok=true, minWireVersion=0, maxWireVersion=21, maxDocumentSize=16777216, logicalSessionTimeoutMinutes=30, roundTripTimeNanos=428933400, setName='atlas-doqlfg-shard-0', canonicalAddress=ac-bqzl7tr-shard-00-00.o2zf1us.mongodb.net:27017, hosts=[ac-bqzl7tr-shard-00-01.o2zf1us.mongodb.net:27017, ac-bqzl7tr-shard-00-00.o2zf1us.mongodb.net:27017, ac-bqzl7tr-shard-00-02.o2zf1us.mongodb.net:27017], passives=[], arbiters=[], primary='ac-bqzl7tr-shard-00-02.o2zf1us.mongodb.net:27017', tagSet=TagSet{[Tag{name='availabilityZone', value='aps1-az1'}, Tag{name='diskState', value='READY'}, Tag{name='nodeType', value='ELECTABLE'}, Tag{name='provider', value='AWS'}, Tag{name='region', value='AP_SOUTH_1'}, Tag{name='workloadType', value='OPERATIONAL'}]}, electionId=null, setVersion=91, topologyVersion=TopologyVersion{processId=66b3a6e9ab8da17e4642ac9f, counter=4}, lastWriteDate=Sat Aug 10 19:53:55 IST 2024, lastUpdateTimeNanos=66142655406900}
2024-08-10T19:53:54.665+05:30  INFO 12760 --- [movies] [ngodb.net:27017] org.mongodb.driver.cluster               : Discovered replica set primary ac-bqzl7tr-shard-00-02.o2zf1us.mongodb.net:27017 with max election id 7fffffff0000000000000085 and max set version 91
2024-08-10T19:53:55.460+05:30  INFO 12760 --- [movies] [           main] d.aman.movieist.MoviesApplicationTests   : Started MoviesApplicationTests in 3.908 seconds (process running for 5.329)
]]></system-out>
    <system-err><![CDATA[WARNING: A Java agent has been loaded dynamically (C:\Users\saman\.m2\repository\net\bytebuddy\byte-buddy-agent\1.14.17\byte-buddy-agent-1.14.17.jar)
WARNING: If a serviceability tool is in use, please run with -XX:+EnableDynamicAgentLoading to hide this warning
WARNING: If a serviceability tool is not in use, please run with -Djdk.instrument.traceUsage for more information
WARNING: Dynamic loading of agents will be disallowed by default in a future release
]]></system-err>
  </testcase>
</testsuite>